<?xml version="1.0" encoding="UTF-8"?>
<testsuite xmlns:xsi="http://www.w3.org/2001/XMLSchema-instance" xsi:noNamespaceSchemaLocation="https://maven.apache.org/surefire/maven-surefire-plugin/xsd/surefire-test-report.xsd" name="TestSuite" time="5.935" tests="13" errors="0" skipped="0" failures="0">
  <properties>
[...]
</properties>
  <testcase name="getCountriesByAnyFreeFormText" classname="scenarios.CountryObjectValidate" time="0.918"/>
  <testcase name="getCountryByThreeCharISO" classname="scenarios.CountryObjectValidate" time="0.326"/>
  <testcase name="getCountryByTwoCharISO" classname="scenarios.CountryObjectValidate" time="0.374"/>
  <testcase name="getNothingMatchingFoundByAnyFreeFormText" classname="scenarios.CountryObjectValidate" time="0.348"/>
  <testcase name="getNothingMatchingFoundByThreeCharISO" classname="scenarios.CountryObjectValidate" time="0.323"/>
  <testcase name="getNothingMatchingFoundByTwoCharISO" classname="scenarios.CountryObjectValidate" time="0.344"/>
  <testcase name="successGetAllCountriesList" classname="scenarios.CountryObjectValidate" time="0.583"/>
  <testcase name="getNothingMatchingFound" classname="scenarios.StateObjectValidate" time="0.344"/>
  <testcase name="getNothingStateByAnyFreeFormText" classname="scenarios.StateObjectValidate" time="0.334"/>
  <testcase name="getStateByAnyFreeFormText" classname="scenarios.StateObjectValidate" time="0.35"/>
  <testcase name="successGetAllStatesResponse" classname="scenarios.StateObjectValidate" time="0.407"/>
  <testcase name="successGetOneStateResponse" classname="scenarios.StateObjectValidate" time="0.341"/>
  <testcase name="test" classname="scenarios.StateObjectValidate" time="0.383"/>
</testsuite>