<?xml version="1.0" encoding="UTF-8"?>
<testsuite xmlns:xsi="http://www.w3.org/2001/XMLSchema-instance" xsi:noNamespaceSchemaLocation="https://maven.apache.org/surefire/maven-surefire-plugin/xsd/surefire-test-report.xsd" name="TestSuite" time="5.346" tests="12" errors="0" skipped="0" failures="0">
  <properties>
[...]
</properties>
  <testcase name="getCountriesByAnyFreeFormText" classname="scenarios.CountryObjectValidate" time="0.871"/>
  <testcase name="getCountryByThreeCharISO" classname="scenarios.CountryObjectValidate" time="0.301"/>
  <testcase name="getCountryByTwoCharISO" classname="scenarios.CountryObjectValidate" time="0.359"/>
  <testcase name="getNothingMatchingFoundByAnyFreeFormText" classname="scenarios.CountryObjectValidate" time="0.313"/>
  <testcase name="getNothingMatchingFoundByThreeCharISO" classname="scenarios.CountryObjectValidate" time="0.307"/>
  <testcase name="getNothingMatchingFoundByTwoCharISO" classname="scenarios.CountryObjectValidate" time="0.313"/>
  <testcase name="successGetAllCountriesList" classname="scenarios.CountryObjectValidate" time="0.499"/>
  <testcase name="getNothingMatchingFound" classname="scenarios.StateObjectValidate" time="0.366"/>
  <testcase name="getNothingStateByAnyFreeFormText" classname="scenarios.StateObjectValidate" time="0.34"/>
  <testcase name="getStateByAnyFreeFormText" classname="scenarios.StateObjectValidate" time="0.337"/>
  <testcase name="successGetAllStatesResponse" classname="scenarios.StateObjectValidate" time="0.409"/>
  <testcase name="successGetOneStateResponse" classname="scenarios.StateObjectValidate" time="0.348"/>
</testsuite>