<?xml version="1.0" encoding="UTF-8"?>
<!-- Generated by org.testng.reporters.JUnitXMLReporter -->
<testsuite ignored="0" hostname="EPUAKYIW3085" failures="0" tests="12" name="Smoke Test" time="4.636" errors="0" timestamp="2018-11-06T13:46:50 EET">
  <testcase classname="scenarios.CountryObjectValidate" name="getCountriesByAnyFreeFormText" time="0.859"/>
  <testcase classname="scenarios.CountryObjectValidate" name="getCountryByThreeCharISO" time="0.308"/>
  <testcase classname="scenarios.CountryObjectValidate" name="getCountryByTwoCharISO" time="0.287"/>
  <testcase classname="scenarios.CountryObjectValidate" name="getNothingMatchingFoundByAnyFreeFormText" time="0.322"/>
  <testcase classname="scenarios.CountryObjectValidate" name="getNothingMatchingFoundByThreeCharISO" time="0.307"/>
  <testcase classname="scenarios.CountryObjectValidate" name="getNothingMatchingFoundByTwoCharISO" time="0.326"/>
  <testcase classname="scenarios.CountryObjectValidate" name="successGetAllCountriesList" time="0.48"/>
  <testcase classname="scenarios.StateObjectValidate" name="getNothingMatchingFound" time="0.289"/>
  <testcase classname="scenarios.StateObjectValidate" name="getNothingStateByAnyFreeFormText" time="0.294"/>
  <testcase classname="scenarios.StateObjectValidate" name="getStateByAnyFreeFormText" time="0.303"/>
  <testcase classname="scenarios.StateObjectValidate" name="successGetAllStatesResponse" time="0.322"/>
  <testcase classname="scenarios.StateObjectValidate" name="successGetOneStateResponse" time="0.283"/>
</testsuite> <!-- Smoke Test -->
