<?xml version="1.0" encoding="UTF-8"?>
<!-- Generated by org.testng.reporters.JUnitXMLReporter -->
<testsuite ignored="0" hostname="EPUAKYIW3085" failures="0" tests="13" name="Smoke Test" time="5.634" errors="0" timestamp="2018-11-05T18:28:12 EET">
  <testcase classname="scenarios.CountryObjectValidate" name="getCountriesByAnyFreeFormText" time="0.917"/>
  <testcase classname="scenarios.CountryObjectValidate" name="getCountryByThreeCharISO" time="0.326"/>
  <testcase classname="scenarios.CountryObjectValidate" name="getCountryByTwoCharISO" time="0.375"/>
  <testcase classname="scenarios.CountryObjectValidate" name="getNothingMatchingFoundByAnyFreeFormText" time="0.348"/>
  <testcase classname="scenarios.CountryObjectValidate" name="getNothingMatchingFoundByThreeCharISO" time="0.323"/>
  <testcase classname="scenarios.CountryObjectValidate" name="getNothingMatchingFoundByTwoCharISO" time="0.344"/>
  <testcase classname="scenarios.CountryObjectValidate" name="successGetAllCountriesList" time="0.583"/>
  <testcase classname="scenarios.StateObjectValidate" name="getNothingMatchingFound" time="0.344"/>
  <testcase classname="scenarios.StateObjectValidate" name="getNothingStateByAnyFreeFormText" time="0.335"/>
  <testcase classname="scenarios.StateObjectValidate" name="getStateByAnyFreeFormText" time="0.349"/>
  <testcase classname="scenarios.StateObjectValidate" name="successGetAllStatesResponse" time="0.407"/>
  <testcase classname="scenarios.StateObjectValidate" name="successGetOneStateResponse" time="0.34"/>
  <testcase classname="scenarios.StateObjectValidate" name="test" time="0.383"/>
</testsuite> <!-- Smoke Test -->
